{}
[21:02:51] key:created:HKCR\VLC.mp3\shell\DotConvert
[21:02:51] entry:created:HKCR\VLC.mp3\shell\DotConvert:MUIVerb:Convert to...:REG_SZ
[21:02:51] entry:created:HKCR\VLC.mp3\shell\DotConvert:Icon:\"C:\Program Files\VLC\vlc.exe\",0:REG_SZ
[21:02:51] entry:created:HKCR\VLC.mp3\shell\DotConvert:Subcommands::REG_SZ
[21:02:51] key:created:HKCR\VLC.mp3\shell\DotConvert\shell
[21:02:51] key:created:HKCR\VLC.mp3\shell\DotConvert\shell\wav...\command
[21:02:51] entry:created:HKCR\VLC.mp3\shell\DotConvert\shell\wav...:Icon:\"C:\Program Files\VLC\vlc.exe\",0:REG_SZ
[21:02:51] entry:created:HKCR\VLC.mp3\shell\DotConvert\shell\wav...\command:(Default):cmd /c /q \"java -jar C:\Development\Projects\DotConvert\runtime\DotConvert.jar convert \"\"\"%0\"\":REG_SZ
[21:02:51] key:created:HKCR\VLC.mp3\shell\DotConvert\shell\flac...\command
[21:02:51] entry:created:HKCR\VLC.mp3\shell\DotConvert\shell\flac...:Icon:\"C:\Program Files\VLC\vlc.exe\",0:REG_SZ
[21:02:51] entry:created:HKCR\VLC.mp3\shell\DotConvert\shell\flac...\command:(Default):cmd /c /q \"java -jar C:\Development\Projects\DotConvert\runtime\DotConvert.jar convert \"\"\"%0\"\":REG_SZ
[21:02:51] key:created:HKCR\VLC.wav\shell\DotConvert
[21:02:52] entry:created:HKCR\VLC.wav\shell\DotConvert:MUIVerb:Convert to...:REG_SZ
[21:02:52] entry:created:HKCR\VLC.wav\shell\DotConvert:Icon:\"C:\Program Files\VLC\vlc.exe\",0:REG_SZ
[21:02:52] entry:created:HKCR\VLC.wav\shell\DotConvert:Subcommands::REG_SZ
[21:02:52] key:created:HKCR\VLC.wav\shell\DotConvert\shell
[21:02:52] key:created:HKCR\VLC.wav\shell\DotConvert\shell\mp3...\command
[21:02:52] entry:created:HKCR\VLC.wav\shell\DotConvert\shell\mp3...:Icon:\"C:\Program Files\VLC\vlc.exe\",0:REG_SZ
[21:02:52] entry:created:HKCR\VLC.wav\shell\DotConvert\shell\mp3...\command:(Default):cmd /c /q \"java -jar C:\Development\Projects\DotConvert\runtime\DotConvert.jar convert \"\"\"%0\"\":REG_SZ
[21:02:52] key:created:HKCR\VLC.wav\shell\DotConvert\shell\flac...\command
[21:02:52] entry:created:HKCR\VLC.wav\shell\DotConvert\shell\flac...:Icon:\"C:\Program Files\VLC\vlc.exe\",0:REG_SZ
[21:02:52] entry:created:HKCR\VLC.wav\shell\DotConvert\shell\flac...\command:(Default):cmd /c /q \"java -jar C:\Development\Projects\DotConvert\runtime\DotConvert.jar convert \"\"\"%0\"\":REG_SZ
[21:02:52] key:created:HKCR\VLC.flac\shell\DotConvert
[21:02:52] entry:created:HKCR\VLC.flac\shell\DotConvert:MUIVerb:Convert to...:REG_SZ
[21:02:52] entry:created:HKCR\VLC.flac\shell\DotConvert:Icon:\"C:\Program Files\VLC\vlc.exe\",0:REG_SZ
[21:02:52] entry:created:HKCR\VLC.flac\shell\DotConvert:Subcommands::REG_SZ
[21:02:52] key:created:HKCR\VLC.flac\shell\DotConvert\shell
[21:02:52] key:created:HKCR\VLC.flac\shell\DotConvert\shell\mp3...\command
[21:02:52] entry:created:HKCR\VLC.flac\shell\DotConvert\shell\mp3...:Icon:\"C:\Program Files\VLC\vlc.exe\",0:REG_SZ
[21:02:52] entry:created:HKCR\VLC.flac\shell\DotConvert\shell\mp3...\command:(Default):cmd /c /q \"java -jar C:\Development\Projects\DotConvert\runtime\DotConvert.jar convert \"\"\"%0\"\":REG_SZ
[21:02:52] key:created:HKCR\VLC.flac\shell\DotConvert\shell\wav...\command
[21:02:52] entry:created:HKCR\VLC.flac\shell\DotConvert\shell\wav...:Icon:\"C:\Program Files\VLC\vlc.exe\",0:REG_SZ
[21:02:53] entry:created:HKCR\VLC.flac\shell\DotConvert\shell\wav...\command:(Default):cmd /c /q \"java -jar C:\Development\Projects\DotConvert\runtime\DotConvert.jar convert \"\"\"%0\"\":REG_SZ
